12-30-2016 @ 10:41:03 - Calling purge from added_post_meta on object 6471 and meta value 6462 due to _subscription_renewal meta.
12-30-2016 @ 10:41:03 - ID is subscription, calling wcs_clear_related_order_cache for 6462
12-30-2016 @ 10:41:03 - In the clearing, key being purged is this: 

75d6f7620fcb8888af5f761989785643


12-30-2016 @ 10:41:03 - ID is order, getting subscription.
12-30-2016 @ 10:41:03 - No sub for this ID: 6471
12-31-2016 @ 11:56:42 - Calling purge from added_post_meta on object 6480 and meta value 6462 due to _subscription_renewal meta.
12-31-2016 @ 11:56:42 - ID is subscription, calling wcs_clear_related_order_cache for 6462
12-31-2016 @ 11:56:42 - In the clearing, key being purged is this: 

75d6f7620fcb8888af5f761989785643


12-31-2016 @ 11:56:42 - ID is order, getting subscription.
12-31-2016 @ 11:56:42 - No sub for this ID: 6480
01-01-2017 @ 10:53:11 - Calling purge from added_post_meta on object 6482 and meta value 6462 due to _subscription_renewal meta.
01-01-2017 @ 10:53:11 - ID is subscription, calling wcs_clear_related_order_cache for 6462
01-01-2017 @ 10:53:11 - In the clearing, key being purged is this: 

75d6f7620fcb8888af5f761989785643


01-01-2017 @ 10:53:11 - ID is order, getting subscription.
01-01-2017 @ 10:53:11 - No sub for this ID: 6482
01-02-2017 @ 10:42:45 - Calling purge from added_post_meta on object 6484 and meta value 6462 due to _subscription_renewal meta.
01-02-2017 @ 10:42:45 - ID is subscription, calling wcs_clear_related_order_cache for 6462
01-02-2017 @ 10:42:45 - In the clearing, key being purged is this: 

75d6f7620fcb8888af5f761989785643


01-02-2017 @ 10:42:45 - ID is order, getting subscription.
01-02-2017 @ 10:42:45 - No sub for this ID: 6484
01-03-2017 @ 10:49:18 - Calling purge from added_post_meta on object 6497 and meta value 6462 due to _subscription_renewal meta.
01-03-2017 @ 10:49:18 - ID is subscription, calling wcs_clear_related_order_cache for 6462
01-03-2017 @ 10:49:18 - In the clearing, key being purged is this: 

75d6f7620fcb8888af5f761989785643


01-03-2017 @ 10:49:18 - ID is order, getting subscription.
01-03-2017 @ 10:49:18 - No sub for this ID: 6497
01-04-2017 @ 10:40:32 - Calling purge from added_post_meta on object 6503 and meta value 6462 due to _subscription_renewal meta.
01-04-2017 @ 10:40:32 - ID is subscription, calling wcs_clear_related_order_cache for 6462
01-04-2017 @ 10:40:32 - In the clearing, key being purged is this: 

75d6f7620fcb8888af5f761989785643


01-04-2017 @ 10:40:32 - ID is order, getting subscription.
01-04-2017 @ 10:40:32 - No sub for this ID: 6503
01-05-2017 @ 10:53:52 - Calling purge from added_post_meta on object 6516 and meta value 6462 due to _subscription_renewal meta.
01-05-2017 @ 10:53:52 - ID is subscription, calling wcs_clear_related_order_cache for 6462
01-05-2017 @ 10:53:52 - In the clearing, key being purged is this: 

75d6f7620fcb8888af5f761989785643


01-05-2017 @ 10:53:52 - ID is order, getting subscription.
01-05-2017 @ 10:53:52 - No sub for this ID: 6516
01-06-2017 @ 10:45:54 - Calling purge from added_post_meta on object 6537 and meta value 6462 due to _subscription_renewal meta.
01-06-2017 @ 10:45:54 - ID is subscription, calling wcs_clear_related_order_cache for 6462
01-06-2017 @ 10:45:54 - In the clearing, key being purged is this: 

75d6f7620fcb8888af5f761989785643


01-06-2017 @ 10:45:54 - ID is order, getting subscription.
01-06-2017 @ 10:45:54 - No sub for this ID: 6537
01-07-2017 @ 11:08:18 - Calling purge from added_post_meta on object 6546 and meta value 6462 due to _subscription_renewal meta.
01-07-2017 @ 11:08:18 - ID is subscription, calling wcs_clear_related_order_cache for 6462
01-07-2017 @ 11:08:18 - In the clearing, key being purged is this: 

75d6f7620fcb8888af5f761989785643


01-07-2017 @ 11:08:18 - ID is order, getting subscription.
01-07-2017 @ 11:08:18 - No sub for this ID: 6546
01-08-2017 @ 10:45:20 - Calling purge from added_post_meta on object 6548 and meta value 6462 due to _subscription_renewal meta.
01-08-2017 @ 10:45:20 - ID is subscription, calling wcs_clear_related_order_cache for 6462
01-08-2017 @ 10:45:20 - In the clearing, key being purged is this: 

75d6f7620fcb8888af5f761989785643


01-08-2017 @ 10:45:20 - ID is order, getting subscription.
01-08-2017 @ 10:45:20 - No sub for this ID: 6548
01-09-2017 @ 10:40:30 - Calling purge from added_post_meta on object 6631 and meta value 6462 due to _subscription_renewal meta.
01-09-2017 @ 10:40:30 - ID is subscription, calling wcs_clear_related_order_cache for 6462
01-09-2017 @ 10:40:30 - In the clearing, key being purged is this: 

75d6f7620fcb8888af5f761989785643


01-09-2017 @ 10:40:30 - ID is order, getting subscription.
01-09-2017 @ 10:40:30 - No sub for this ID: 6631
01-10-2017 @ 10:48:39 - Calling purge from added_post_meta on object 6692 and meta value 6462 due to _subscription_renewal meta.
01-10-2017 @ 10:48:39 - ID is subscription, calling wcs_clear_related_order_cache for 6462
01-10-2017 @ 10:48:39 - In the clearing, key being purged is this: 

75d6f7620fcb8888af5f761989785643


01-10-2017 @ 10:48:39 - ID is order, getting subscription.
01-10-2017 @ 10:48:39 - No sub for this ID: 6692
01-11-2017 @ 07:24:19 - Calling purge from added_post_meta on object 6700 and meta value 6681 due to _subscription_renewal meta.
01-11-2017 @ 07:24:19 - ID is subscription, calling wcs_clear_related_order_cache for 6681
01-11-2017 @ 07:24:19 - In the clearing, key being purged is this: 

a5db735c2cf24830570ea4a5a5fc27fe


01-11-2017 @ 07:24:19 - ID is order, getting subscription.
01-11-2017 @ 07:24:19 - No sub for this ID: 6700
01-11-2017 @ 07:43:06 - Calling purge from added_post_meta on object 6702 and meta value 6685 due to _subscription_renewal meta.
01-11-2017 @ 07:43:06 - ID is subscription, calling wcs_clear_related_order_cache for 6685
01-11-2017 @ 07:43:06 - In the clearing, key being purged is this: 

6ff6af0e38835470fa71ce8a12bc4c3c


01-11-2017 @ 07:43:06 - ID is order, getting subscription.
01-11-2017 @ 07:43:06 - No sub for this ID: 6702
01-11-2017 @ 10:53:24 - Calling purge from added_post_meta on object 6706 and meta value 6462 due to _subscription_renewal meta.
01-11-2017 @ 10:53:24 - ID is subscription, calling wcs_clear_related_order_cache for 6462
01-11-2017 @ 10:53:24 - In the clearing, key being purged is this: 

75d6f7620fcb8888af5f761989785643


01-11-2017 @ 10:53:24 - ID is order, getting subscription.
01-11-2017 @ 10:53:24 - No sub for this ID: 6706
01-12-2017 @ 07:23:50 - Calling purge from added_post_meta on object 6714 and meta value 6681 due to _subscription_renewal meta.
01-12-2017 @ 07:23:50 - ID is subscription, calling wcs_clear_related_order_cache for 6681
01-12-2017 @ 07:23:50 - In the clearing, key being purged is this: 

a5db735c2cf24830570ea4a5a5fc27fe


01-12-2017 @ 07:23:50 - ID is order, getting subscription.
01-12-2017 @ 07:23:50 - No sub for this ID: 6714
01-12-2017 @ 07:42:51 - Calling purge from added_post_meta on object 6716 and meta value 6685 due to _subscription_renewal meta.
01-12-2017 @ 07:42:51 - ID is subscription, calling wcs_clear_related_order_cache for 6685
01-12-2017 @ 07:42:51 - In the clearing, key being purged is this: 

6ff6af0e38835470fa71ce8a12bc4c3c


01-12-2017 @ 07:42:51 - ID is order, getting subscription.
01-12-2017 @ 07:42:51 - No sub for this ID: 6716
01-13-2017 @ 07:25:16 - Calling purge from added_post_meta on object 6739 and meta value 6681 due to _subscription_renewal meta.
01-13-2017 @ 07:25:16 - ID is subscription, calling wcs_clear_related_order_cache for 6681
01-13-2017 @ 07:25:16 - In the clearing, key being purged is this: 

a5db735c2cf24830570ea4a5a5fc27fe


01-13-2017 @ 07:25:16 - ID is order, getting subscription.
01-13-2017 @ 07:25:16 - No sub for this ID: 6739
01-13-2017 @ 07:43:27 - Calling purge from added_post_meta on object 6741 and meta value 6685 due to _subscription_renewal meta.
01-13-2017 @ 07:43:27 - ID is subscription, calling wcs_clear_related_order_cache for 6685
01-13-2017 @ 07:43:27 - In the clearing, key being purged is this: 

6ff6af0e38835470fa71ce8a12bc4c3c


01-13-2017 @ 07:43:27 - ID is order, getting subscription.
01-13-2017 @ 07:43:27 - No sub for this ID: 6741
01-14-2017 @ 07:23:37 - Calling purge from added_post_meta on object 6748 and meta value 6681 due to _subscription_renewal meta.
01-14-2017 @ 07:23:37 - ID is subscription, calling wcs_clear_related_order_cache for 6681
01-14-2017 @ 07:23:37 - In the clearing, key being purged is this: 

a5db735c2cf24830570ea4a5a5fc27fe


01-14-2017 @ 07:23:37 - ID is order, getting subscription.
01-14-2017 @ 07:23:37 - No sub for this ID: 6748
01-14-2017 @ 07:43:27 - Calling purge from added_post_meta on object 6750 and meta value 6685 due to _subscription_renewal meta.
01-14-2017 @ 07:43:27 - ID is subscription, calling wcs_clear_related_order_cache for 6685
01-14-2017 @ 07:43:27 - In the clearing, key being purged is this: 

6ff6af0e38835470fa71ce8a12bc4c3c


01-14-2017 @ 07:43:27 - ID is order, getting subscription.
01-14-2017 @ 07:43:27 - No sub for this ID: 6750
01-15-2017 @ 07:23:40 - Calling purge from added_post_meta on object 6752 and meta value 6681 due to _subscription_renewal meta.
01-15-2017 @ 07:23:40 - ID is subscription, calling wcs_clear_related_order_cache for 6681
01-15-2017 @ 07:23:40 - In the clearing, key being purged is this: 

a5db735c2cf24830570ea4a5a5fc27fe


01-15-2017 @ 07:23:40 - ID is order, getting subscription.
01-15-2017 @ 07:23:40 - No sub for this ID: 6752
01-15-2017 @ 08:21:34 - Calling purge from added_post_meta on object 6754 and meta value 6685 due to _subscription_renewal meta.
01-15-2017 @ 08:21:34 - ID is subscription, calling wcs_clear_related_order_cache for 6685
01-15-2017 @ 08:21:34 - In the clearing, key being purged is this: 

6ff6af0e38835470fa71ce8a12bc4c3c


01-15-2017 @ 08:21:34 - ID is order, getting subscription.
01-15-2017 @ 08:21:34 - No sub for this ID: 6754
01-16-2017 @ 06:55:43 - Calling purge from trashed_post on 6685
01-16-2017 @ 06:55:43 - ID is subscription, calling wcs_clear_related_order_cache for 6685
01-16-2017 @ 06:55:43 - In the clearing, key being purged is this: 

6ff6af0e38835470fa71ce8a12bc4c3c


01-16-2017 @ 06:55:43 - Calling purge from trashed_post on 6681
01-16-2017 @ 06:55:43 - ID is subscription, calling wcs_clear_related_order_cache for 6681
01-16-2017 @ 06:55:43 - In the clearing, key being purged is this: 

a5db735c2cf24830570ea4a5a5fc27fe


01-16-2017 @ 06:55:43 - Calling purge from trashed_post on 6685
01-16-2017 @ 06:55:43 - ID is subscription, calling wcs_clear_related_order_cache for 6685
01-16-2017 @ 06:55:43 - In the clearing, key being purged is this: 

6ff6af0e38835470fa71ce8a12bc4c3c


01-16-2017 @ 06:55:43 - Calling purge from trashed_post on 6681
01-16-2017 @ 06:55:43 - ID is subscription, calling wcs_clear_related_order_cache for 6681
01-16-2017 @ 06:55:43 - In the clearing, key being purged is this: 

a5db735c2cf24830570ea4a5a5fc27fe


01-16-2017 @ 06:56:00 - Calling purge from trashed_post on 6685
01-16-2017 @ 06:56:00 - ID is subscription, calling wcs_clear_related_order_cache for 6685
01-16-2017 @ 06:56:00 - In the clearing, key being purged is this: 

6ff6af0e38835470fa71ce8a12bc4c3c


01-16-2017 @ 06:56:00 - Calling purge from trashed_post on 6681
01-16-2017 @ 06:56:00 - ID is subscription, calling wcs_clear_related_order_cache for 6681
01-16-2017 @ 06:56:00 - In the clearing, key being purged is this: 

a5db735c2cf24830570ea4a5a5fc27fe


01-16-2017 @ 06:56:01 - Calling purge from trashed_post on 6462
01-16-2017 @ 06:56:01 - Calling purge from trashed_post on 6685
01-16-2017 @ 06:56:01 - ID is subscription, calling wcs_clear_related_order_cache for 6685
01-16-2017 @ 06:56:01 - In the clearing, key being purged is this: 

6ff6af0e38835470fa71ce8a12bc4c3c


01-16-2017 @ 06:56:01 - Calling purge from trashed_post on 6681
01-16-2017 @ 06:56:01 - ID is subscription, calling wcs_clear_related_order_cache for 6681
01-16-2017 @ 06:56:01 - In the clearing, key being purged is this: 

a5db735c2cf24830570ea4a5a5fc27fe


01-16-2017 @ 06:56:01 - Calling purge from trashed_post on 6462
01-16-2017 @ 06:56:01 - Calling purge from trashed_post on 6462
01-16-2017 @ 06:56:01 - Calling purge from trashed_post on 6462
01-16-2017 @ 06:56:01 - Calling purge from trashed_post on 6462
01-16-2017 @ 06:56:01 - Calling purge from trashed_post on 6462
01-16-2017 @ 06:56:01 - Calling purge from trashed_post on 6462
01-16-2017 @ 06:56:01 - Calling purge from trashed_post on 6462
01-16-2017 @ 06:56:01 - Calling purge from trashed_post on 6462
01-16-2017 @ 06:56:01 - Calling purge from trashed_post on 6462
01-16-2017 @ 06:56:32 - Calling purge from trashed_post on 6462
01-16-2017 @ 06:56:32 - Calling purge from trashed_post on 6462
01-16-2017 @ 06:56:32 - Calling purge from trashed_post on 6462
02-15-2017 @ 07:24:00 - Calling purge from deleted_post_meta on object 6750 and meta value 6685 due to _subscription_renewal meta.
02-15-2017 @ 07:24:00 - ID is subscription, calling wcs_clear_related_order_cache for 6685
02-15-2017 @ 07:24:00 - In the clearing, key being purged is this: 

6ff6af0e38835470fa71ce8a12bc4c3c


02-15-2017 @ 07:24:00 - ID is order, getting subscription.
02-15-2017 @ 07:24:00 - No sub for this ID: 6750
02-15-2017 @ 07:24:00 - Calling purge from deleted_post_meta on object 6748 and meta value 6681 due to _subscription_renewal meta.
02-15-2017 @ 07:24:00 - ID is subscription, calling wcs_clear_related_order_cache for 6681
02-15-2017 @ 07:24:00 - In the clearing, key being purged is this: 

a5db735c2cf24830570ea4a5a5fc27fe


02-15-2017 @ 07:24:00 - ID is order, getting subscription.
02-15-2017 @ 07:24:00 - No sub for this ID: 6748
02-15-2017 @ 07:24:00 - Calling purge from deleted_post_meta on object 6741 and meta value 6685 due to _subscription_renewal meta.
02-15-2017 @ 07:24:00 - ID is subscription, calling wcs_clear_related_order_cache for 6685
02-15-2017 @ 07:24:00 - In the clearing, key being purged is this: 

6ff6af0e38835470fa71ce8a12bc4c3c


02-15-2017 @ 07:24:00 - ID is order, getting subscription.
02-15-2017 @ 07:24:00 - No sub for this ID: 6741
02-15-2017 @ 07:24:01 - Calling purge from deleted_post_meta on object 6739 and meta value 6681 due to _subscription_renewal meta.
02-15-2017 @ 07:24:01 - ID is subscription, calling wcs_clear_related_order_cache for 6681
02-15-2017 @ 07:24:01 - In the clearing, key being purged is this: 

a5db735c2cf24830570ea4a5a5fc27fe


02-15-2017 @ 07:24:01 - ID is order, getting subscription.
02-15-2017 @ 07:24:01 - No sub for this ID: 6739
02-15-2017 @ 07:24:02 - Calling purge from deleted_post_meta on object 6716 and meta value 6685 due to _subscription_renewal meta.
02-15-2017 @ 07:24:02 - ID is subscription, calling wcs_clear_related_order_cache for 6685
02-15-2017 @ 07:24:02 - In the clearing, key being purged is this: 

6ff6af0e38835470fa71ce8a12bc4c3c


02-15-2017 @ 07:24:02 - ID is order, getting subscription.
02-15-2017 @ 07:24:02 - No sub for this ID: 6716
02-15-2017 @ 07:24:02 - Calling purge from deleted_post_meta on object 6714 and meta value 6681 due to _subscription_renewal meta.
02-15-2017 @ 07:24:02 - ID is subscription, calling wcs_clear_related_order_cache for 6681
02-15-2017 @ 07:24:02 - In the clearing, key being purged is this: 

a5db735c2cf24830570ea4a5a5fc27fe


02-15-2017 @ 07:24:02 - ID is order, getting subscription.
02-15-2017 @ 07:24:02 - No sub for this ID: 6714
02-15-2017 @ 07:24:02 - Calling purge from deleted_post_meta on object 6706 and meta value 6462 due to _subscription_renewal meta.
02-15-2017 @ 07:24:02 - ID is order, getting subscription.
02-15-2017 @ 07:24:02 - No sub for this ID: 6706
02-15-2017 @ 07:24:02 - Calling purge from deleted_post_meta on object 6702 and meta value 6685 due to _subscription_renewal meta.
02-15-2017 @ 07:24:02 - ID is subscription, calling wcs_clear_related_order_cache for 6685
02-15-2017 @ 07:24:02 - In the clearing, key being purged is this: 

6ff6af0e38835470fa71ce8a12bc4c3c


02-15-2017 @ 07:24:02 - ID is order, getting subscription.
02-15-2017 @ 07:24:02 - No sub for this ID: 6702
02-15-2017 @ 07:24:02 - Calling purge from deleted_post_meta on object 6700 and meta value 6681 due to _subscription_renewal meta.
02-15-2017 @ 07:24:02 - ID is subscription, calling wcs_clear_related_order_cache for 6681
02-15-2017 @ 07:24:02 - In the clearing, key being purged is this: 

a5db735c2cf24830570ea4a5a5fc27fe


02-15-2017 @ 07:24:02 - ID is order, getting subscription.
02-15-2017 @ 07:24:02 - No sub for this ID: 6700
02-15-2017 @ 07:24:02 - Calling purge from deleted_post_meta on object 6692 and meta value 6462 due to _subscription_renewal meta.
02-15-2017 @ 07:24:02 - ID is order, getting subscription.
02-15-2017 @ 07:24:02 - No sub for this ID: 6692
02-15-2017 @ 07:24:03 - Calling purge from deleted_post_meta on object 6631 and meta value 6462 due to _subscription_renewal meta.
02-15-2017 @ 07:24:03 - ID is order, getting subscription.
02-15-2017 @ 07:24:03 - No sub for this ID: 6631
02-15-2017 @ 07:24:04 - Calling purge from deleted_post_meta on object 6548 and meta value 6462 due to _subscription_renewal meta.
02-15-2017 @ 07:24:04 - ID is order, getting subscription.
02-15-2017 @ 07:24:04 - No sub for this ID: 6548
02-15-2017 @ 07:24:04 - Calling purge from deleted_post_meta on object 6546 and meta value 6462 due to _subscription_renewal meta.
02-15-2017 @ 07:24:04 - ID is order, getting subscription.
02-15-2017 @ 07:24:04 - No sub for this ID: 6546
02-15-2017 @ 07:24:04 - Calling purge from deleted_post_meta on object 6537 and meta value 6462 due to _subscription_renewal meta.
02-15-2017 @ 07:24:04 - ID is order, getting subscription.
02-15-2017 @ 07:24:04 - No sub for this ID: 6537
02-15-2017 @ 07:24:04 - Calling purge from deleted_post_meta on object 6516 and meta value 6462 due to _subscription_renewal meta.
02-15-2017 @ 07:24:04 - ID is order, getting subscription.
02-15-2017 @ 07:24:04 - No sub for this ID: 6516
02-15-2017 @ 07:24:04 - Calling purge from deleted_post_meta on object 6503 and meta value 6462 due to _subscription_renewal meta.
02-15-2017 @ 07:24:04 - ID is order, getting subscription.
02-15-2017 @ 07:24:04 - No sub for this ID: 6503
02-15-2017 @ 07:24:04 - Calling purge from deleted_post_meta on object 6497 and meta value 6462 due to _subscription_renewal meta.
02-15-2017 @ 07:24:04 - ID is order, getting subscription.
02-15-2017 @ 07:24:04 - No sub for this ID: 6497
02-15-2017 @ 07:24:05 - Calling purge from deleted_post_meta on object 6484 and meta value 6462 due to _subscription_renewal meta.
02-15-2017 @ 07:24:05 - ID is order, getting subscription.
02-15-2017 @ 07:24:05 - No sub for this ID: 6484
02-15-2017 @ 07:24:05 - Calling purge from deleted_post_meta on object 6482 and meta value 6462 due to _subscription_renewal meta.
02-15-2017 @ 07:24:05 - ID is order, getting subscription.
02-15-2017 @ 07:24:05 - No sub for this ID: 6482
02-15-2017 @ 07:24:05 - Calling purge from deleted_post_meta on object 6480 and meta value 6462 due to _subscription_renewal meta.
02-15-2017 @ 07:24:05 - ID is order, getting subscription.
02-15-2017 @ 07:24:05 - No sub for this ID: 6480
02-15-2017 @ 07:24:05 - Calling purge from deleted_post_meta on object 6471 and meta value 6462 due to _subscription_renewal meta.
02-15-2017 @ 07:24:05 - ID is order, getting subscription.
02-15-2017 @ 07:24:05 - No sub for this ID: 6471
